Sartint the Api...
Sartint the Api...
Sartint the Api...
2025-06-03 22:19:47,988 - INFO - Sartint the Api...
2025-06-03 22:21:04,984 - INFO - Sartint the Api...
2025-06-03 22:21:29,315 - INFO - Sartint the Api...
2025-06-03 22:21:45,496 - INFO - Sartint the Api...
2025-06-04 08:57:32,391 - INFO - Sartint the Api...
2025-06-04 08:58:34,977 - INFO - inside the addPatient method
2025-06-04 08:58:35,007 - INFO - Exsisting patient record read sucessfully
2025-06-04 08:58:35,012 - INFO - Patient already exsist
2025-06-04 08:58:47,071 - INFO - inside the addPatient method
2025-06-04 08:58:47,072 - INFO - Exsisting patient record read sucessfully
2025-06-04 08:58:47,072 - INFO - New patien of the patientId: P005 is added
2025-06-04 08:58:47,073 - INFO - Inside Save Data
2025-06-04 14:40:23,159 - INFO - Sartint the Api...
2025-06-04 14:49:44,650 - INFO - Sartint the Api...
2025-06-04 17:45:29,877 - INFO - Sartint the Api...
2025-06-04 17:47:32,130 - INFO - Sartint the Api...
2025-06-04 17:48:21,456 - INFO - Inside Save Data
2025-06-04 17:48:46,144 - INFO - Sartint the Api...
2025-06-04 17:53:51,646 - INFO - Sartint the Api...
2025-06-04 17:54:07,105 - INFO - Inside Save Data
2025-06-04 17:55:02,352 - INFO - Sartint the Api...
2025-06-04 17:55:18,317 - INFO - Inside Save Data
